4212285
6570077
1257225
3494178
7474325
5542034
4827682
9386811
835959
4550340
656653
9982766
1140669
7784303
3879621
3147684
2423861
1837784
9969456
4756717
1963201
3318264
7920009
746798
1888604
7977844
2614085
6607076
7862945
349961
7457880
9024252
6054490
1337504
7582323
8143430
9214429
8889244
4639711
1224794
5349030
2939322
6508267
5808125
7677710
8662265
1248487
7287130
8328930
9146051
3979756
8557570
3204990
4989208
7256276
13440
7063573
150627
1934156
1209133
9756485
6813237
1226255
2603697
9734490
2553209
5379264
5943870
656699
567289
1327928
8624369
3276682
8967917
6930168
3451907
4480126
488986
7205794
3179171
1474138
3109660
5101571
286206
2096266
5086109
9390599
7321922
7416083
5389753
707288
4687107
4441831
9344217
2786489
5813290
8435430
509687
590776
8339691
6211346
1459191
4631758
4193134
4746514
7478708
6085577
1292747
1010037
698131
543258
8653184
3121970
2635960
4312858
7320637
3142471
3921627
6678135
8875561
2846371
5597743
1493830
4987648
8044132
1185927
7560346
4698336
1969026
6681265
7314091
8337650
422937
2559034
4259230
991670
3951632
2354522
6067645
2012562
8437283
8205638
4656513
2237298
6406369
6596476
5243829
9460965
8952784
1196548
7588224
3542186
3370277
5974490
6666409
1219865
3315332
2586214
3436220
2211263
1961655
3902327
6787281
7933631
9567546
1011178
7861758
5949550
7280284
5189095
5493686
5976740
8772457
264737
9480520
6993473
3696584
2068455
5024050
3702953
9131577
6603882
7684992
6997650
9404953
8839996
7230429
7714628
8960928
7268048
5755610
6518929
5614177
370750
754806
5171047
7597144
6460055
7161075
2222507
3245112
2761184
5959552
6183181
6940680
653772
9151205
3816437
3164781
4660908
7272470
2287956
1183446
4224175
137683
1141403
4424644
1819645
4009440
3590665
2178783
9951092
9569269
5815761
64613
4938760
1192868
8030133
1418897
5311402
1317350
875564
6512457
3604477
2919935
4680946
9116183
4770964
1060090
4720706
1061736
5691255
5920743
8814666
8338129
679365
2649009
4195579
1925176
847505
4292483
5391209
1364338
1036810
1509100
2256126
8156136
527105
696325
5051671
3630578
9895779
6934526
716713
4792851
221240
6816636
6106714
6033943
7787087
1760582
8225996
1722538
9056719
3165857
8199312
9063659
3767176
3983528
1140628
8315467
6033717
9187918
1165726
5768568
7955851
506234
9535008
8325075
6676278
9654169
9878604
8294358
8173236
5787069
1690271
1417067
5359590
5254906
4811622
3909455
2441204
8518622
8670889
9520908
2987009
9451148
2539153
5288251
3905848
4970992
9485854
8024563
5849275
8724085
7885820
4807801
5221696
2021535
7078243
9481577
7750398
6371701
9759564
3456092
2572376
3859884
209468
1549120
6883839
6701002
9844682
5173361
2869613
7432400
2509223
7465194
4588079
6790304
2063733
9544619
1188194
5686910
1126669
2690917
3038718
128922
6262974
229775
4852356
8359084
8118735
1324193
6376607
7667195
9666837
3437755
1803669
2940066
3762274
7352893
4489825
7521800
4863324
1502768
3737152
8368588
5004483
3746452
7249733
5229392
5521713
193361
8706040
3669594
615563
8884870
2727224
7772289
7341514
331274
7488622
2136462
2142669
9848138
8537966
3951202
886144
9949398
2816841
4929874
6299592
7198733
7070113
3520786
4180956
4712876
7244573
7761364
2640551
3020787
9212922
8583050
5335101
4626130
8984970
2503828
5700836
3845374
1460745
185993
8183814
1206226
241243
1917253
6048969
1285750
9886289
8499123
84394
910366
1236357
1772305
2674668
6700313
5844490
6979185
2494863
481986
3171031
1859879
7868048
3409511
1555462
6464919
4521159
6456966
3391072
7977047
5306314
2657065
6593597
4515329
5979888
4777737
4999144
4436851
8245174
3219285
9524013
4049748
6633795
8098113
9992831
5212403
6077654
9260718
681881
6316060
2569695
5833490
3520861
4096898
6642827
9469173
655616
1973394
4605263
6493442
9165658
1766804
8557942
8432451
5901203
3435737
9950354
1909713
1462393
6522066
5163381
9415021
186456
6906815
3186118
6785022
6969067
4409122
6378389
668619
8166355
1128709
4385479
893429
9401897
7584545
9290069
693229
4418725
5449775
3155905
6350496
5509199
795165
1508603
3725910
190312
3570532
2265998
3563059
4215149
5651274
473639
8244538
1264077
2456914
4946756
2590449
3246655
7822674
7524801
4603230
4877899
1448426
1344903
7357902
9943609
7426828
8151578
2212669
4330670
9756535
9309342
9915051
6070183
3918174
8447032
6414880
7253485
5117887
579920
5346340
7081057
7010306
179839
7552928
7928758
8665908
6209047
4073432
4146904
1655123
613
8314788
1584148
7900174
1716348
8385736
7689586
9524319
3865800
5076808
4674424
2095573
348026
4133909
9309855
8495712
9249093
7134446
3104651
3321595
8205064
3231486
4050566
2717236
2320534
1824447
7636491
5897377
9289264
2240261
1759821
1444909
5065220
7665516
8921418
6146679
3001706
2275519
832553
9981247
1093579
8297695
3729311
8953039
3271060
9229124
1826981
4718431
8068125
6787737
6804729
8977809
7769314
9237869
616796
8226824
5220588
6095538
7851650
7389687
4720604
3097522
6860466
7396512
5518303
7824379
8952014
58987
4998406
5578247
3857726
731513
495761
4919795
6367834
3860596
4570932
486560
5245994
5861023
5384330
7684866
5088433
2608275
8535171
3162931
3233859
267991
634944
3977666
4922588
6558536
9580358
3994160
9698182
5052264
9756005
1322010
5485294
3089213
8266092
5555578
3514237
3304428
54030
8952099
6963700
519548
2018342
6714342
7923438
7717114
8887155
1890270
7192385
9735007
5064191
4332272
7757214
3922173
8394328
957212
7963548
1733150
7158213
97165
8175160
7143104
7623156
820257
4075567
7404201
2993287
2397248
7419815
103080
4067522
4211265
2149599
9775808
7450294
7539629
6811780
4893817
3184175
5824924
3367598
7754250
3483764
2234868
5304203
2690700
2322972
4448455
2741718
3868280
4911001
4550815
4132349
4420567
1896764
5423037
4178639
831641
9010988
8777082
4239184
6163624
6381744
3426160
6488520
7465190
6475019
7756980
8878720
512069
4420079
3393525
2961447
6500817
2925811
5447122
1380654
4304308
8455697
4183936
1587566
8823166
5330689
2746692
9098705
1529004
3809254
3394738
8576986
7024004
5128978
5472768
1803086
7599184
3410493
7142235
8358256
7131313
1242426
9916194
2665519
6974385
7434414
7163175
8177947
7326524
462846
3309155
9005176
2193911
3932547
2201394
3152843
8013716
4292132
5616324
4930005
8187599
2542309
3142567
5913519
7503023
4894426
4098932
5524471
3122465
8085709
9389390
1011580
9109519
7447356
1629023
2586216
8054104
1236374
636843
6256444
3380910
964170
1598158
7154289
8295953
8403711
2044136
6017030
3620110
6686035
4455508
7668796
3156684
309877
5330196
9172710
8545881
2639577
3309336
1362526
2724606
2426308
9311154
8021864
6172820
8170728
2441518
8062325
7593096
4620986
1035173
6722560
9582728
5181178
8474661
8537263
9730292
2388568
4324987
9278684
7257918
8660331
4473485
1507359
798147
8596395
5267390
7104629
1939216
4849019
3118449
3174204
2843610
6991572
6046168
8009623
3323822
9758557
4973527
5406567
2626388
898500
2870833
2912643
2440706
2925092
5624150
8219194
5500568
5051274
3272215
7763397
7904122
1286261
1425590
1653906
8697786
4718411
5762427
1078530
3053635
4396257
4405409
9477280
7039747
1606776
9460210
1017770
9968608
2686733
3505412
8906897
941267
3408578
3080782
7372176
8644971
5164082
9226966
8854053
8426412
8107440
5963224
2324634
1610168
1343741
8012494
1324068
3949873
1159215
6373964
1450027
9787830
9446217
3805063
4107155
4176705
4794792
1728933
304556
223356
4057466
4974360
5270570
2699008
1907879
9955549
4937607
4254107
8575682
897940
996860
3321956
3221362
9429500
3964630
6593650
435766
4087658
6606521
1201253
9617195
6494148
4172824
7510801
2795462
7209509
7103733
1251378
4829770
365169
5406725
1965549
4398857
100415
3505023
3613902
4849309
7895953
3969356
5561903
7775580
8058438
4765735
7632553
9065654
4232964
3305764
5402818
2548083
8424266
7613667
7878666
1243211
3627186
8643405
4707504
1919744
6632058
205063
302135
3128009
2802351
4395609
5084652
3930153
6878774
8008845
3458820
6900130
98111
1041491
2227482
8340985
1555157
9382942
3715821
3620744
6895781
8872071
4613557
9941401
2739046
9338198
4082292
1920108
